Base path: C:/Program Files (x86)/Unity/Editor/Data
Pipe name: \\.\pipe\UnityShaderCompiler-3-3640
Cmd: getPlatforms
Cmd: compileSnippet
  api=0 type=0 insize=5620 outsize=1673 kw=DIRECTIONAL SHADOWS_SCREEN LIGHTMAP_OFF DIRLIGHTMAP_OFF ok=1
Cmd: compileSnippet
  api=8 type=0 insize=5620 outsize=7126 kw=DIRECTIONAL SHADOWS_SCREEN LIGHTMAP_OFF DIRLIGHTMAP_OFF ok=1
Cmd: compileSnippet
  api=1 type=0 insize=5620 outsize=1825 kw=DIRECTIONAL SHADOWS_SCREEN LIGHTMAP_OFF DIRLIGHTMAP_OFF VERTEXLIGHT_ON ok=1
Cmd: compileSnippet
  api=8 type=1 insize=5620 outsize=3811 kw=DIRECTIONAL SHADOWS_OFF LIGHTMAP_OFF DIRLIGHTMAP_OFF ok=1
Cmd: compileSnippet
  api=0 type=0 insize=3341 outsize=1147 kw=DIRECTIONAL ok=1
Cmd: compileSnippet
  api=8 type=0 insize=3341 outsize=4892 kw=DIRECTIONAL ok=1
Cmd: compileSnippet
  api=0 type=0 insize=3341 outsize=1438 kw=POINT_COOKIE ok=1
Cmd: compileSnippet
  api=4 type=0 insize=3341 outsize=4150 kw=POINT_COOKIE ok=1
Cmd: compileSnippet
  api=4 type=0 insize=3341 outsize=4061 kw=DIRECTIONAL_COOKIE ok=1
Cmd: compileSnippet
  api=0 type=1 insize=3341 outsize=698 kw=DIRECTIONAL ok=1
Cmd: compileSnippet
  api=0 type=1 insize=3341 outsize=1107 kw=SPOT ok=1
Cmd: compileSnippet
  api=4 type=1 insize=3341 outsize=2932 kw=SPOT ok=1
Cmd: compileSnippet
  api=8 type=1 insize=3341 outsize=4014 kw=POINT_COOKIE ok=1
Unhandled exception: Readfile from pipe failed. GLE=The pipe has been ended.


Quitting shader compiler process
