Base path: C:/Program Files (x86)/Unity/Editor/Data
Pipe name: \\.\pipe\UnityShaderCompiler-1-1500
Cmd: getPlatforms
Cmd: preprocess
  insize=1902 outsize=1251 ok=1
Cmd: compileSnippet
  api=0 type=0 insize=5620 outsize=1575 kw=DIRECTIONAL SHADOWS_OFF LIGHTMAP_OFF DIRLIGHTMAP_OFF ok=1
Cmd: compileSnippet
  api=4 type=0 insize=5620 outsize=4792 kw=DIRECTIONAL SHADOWS_SCREEN LIGHTMAP_OFF DIRLIGHTMAP_OFF ok=1
Cmd: compileSnippet
  api=4 type=0 insize=5620 outsize=6157 kw=DIRECTIONAL SHADOWS_OFF LIGHTMAP_OFF DIRLIGHTMAP_OFF VERTEXLIGHT_ON ok=1
Cmd: compileSnippet
  api=4 type=0 insize=5620 outsize=6515 kw=DIRECTIONAL SHADOWS_SCREEN LIGHTMAP_OFF DIRLIGHTMAP_OFF VERTEXLIGHT_ON ok=1
Cmd: compileSnippet
  api=0 type=1 insize=5620 outsize=868 kw=DIRECTIONAL SHADOWS_OFF LIGHTMAP_OFF DIRLIGHTMAP_OFF ok=1
Cmd: compileSnippet
  api=8 type=1 insize=5620 outsize=4307 kw=DIRECTIONAL SHADOWS_SCREEN LIGHTMAP_OFF DIRLIGHTMAP_OFF ok=1
Cmd: compileSnippet
  api=0 type=0 insize=3341 outsize=1438 kw=POINT ok=1
Cmd: compileSnippet
  api=4 type=0 insize=3341 outsize=3370 kw=DIRECTIONAL ok=1
Cmd: compileSnippet
  api=4 type=0 insize=3341 outsize=4150 kw=SPOT ok=1
Cmd: compileSnippet
  api=8 type=0 insize=3341 outsize=6045 kw=POINT_COOKIE ok=1
Cmd: compileSnippet
  api=0 type=1 insize=3341 outsize=905 kw=POINT ok=1
Cmd: compileSnippet
  api=4 type=1 insize=3341 outsize=2022 kw=DIRECTIONAL ok=1
Cmd: compileSnippet
  api=8 type=1 insize=3341 outsize=4453 kw=SPOT ok=1
Cmd: compileSnippet
  api=4 type=1 insize=3341 outsize=2282 kw=DIRECTIONAL_COOKIE ok=1
